<?xml version="1.0" encoding="UTF-8"?>
<!-- Generated by org.testng.reporters.JUnitReportReporter -->
<testsuite skipped="0" hostname="LAPTOP-ACHTF6SV" name="PostandDeleteReq" tests="1" failures="0" timestamp="08 Jan 2020 19:01:39 GMT" time="6.175" errors="0">
  <testcase name="Integrate" time="6.175" classname="PostandDeleteReq"/>
</testsuite> <!-- PostandDeleteReq -->
