<?xml version="1.0" encoding="UTF-8"?>
<!-- Generated by org.testng.reporters.JUnitReportReporter -->
<testsuite skipped="0" hostname="LAPTOP-ACHTF6SV" name="PostRequest" tests="1" failures="0" timestamp="08 Jan 2020 15:48:29 GMT" time="5.740" errors="0">
  <testcase name="postRequesttest" time="5.740" classname="PostRequest"/>
</testsuite> <!-- PostRequest -->
